\BOOKMARK [1][-]{section.1}{Initial situation}{}% 1
\BOOKMARK [2][-]{subsection.1.1}{Why this project and how did this idea develope?}{section.1}% 2
\BOOKMARK [2][-]{subsection.1.2}{How was the problem resolved in the past?}{section.1}% 3
\BOOKMARK [2][-]{subsection.1.3}{Why is there need for action?}{section.1}% 4
\BOOKMARK [2][-]{subsection.1.4}{Rough desired course of action?}{section.1}% 5
\BOOKMARK [1][-]{section.2}{Objective}{}% 6
\BOOKMARK [2][-]{subsection.2.1}{What should be achieved in the end?}{section.2}% 7
\BOOKMARK [2][-]{subsection.2.2}{On what can the success be measured?}{section.2}% 8
\BOOKMARK [2][-]{subsection.2.3}{What has to happen so the solution can be realised?}{section.2}% 9
\BOOKMARK [1][-]{section.3}{Operational environment}{}% 10
\BOOKMARK [2][-]{subsection.3.1}{Under which circumstances will the product be used?}{section.3}% 11
\BOOKMARK [2][-]{subsection.3.2}{Define the target group}{section.3}% 12
\BOOKMARK [3][-]{subsubsection.3.2.1}{Personas}{subsection.3.2}% 13
\BOOKMARK [2][-]{subsection.3.3}{What is the product supposed to achieve and be able to do?}{section.3}% 14
\BOOKMARK [1][-]{section.4}{Non-functional requirements}{}% 15
\BOOKMARK [2][-]{subsection.4.1}{Should the product be extendable?}{section.4}% 16
\BOOKMARK [2][-]{subsection.4.2}{Should alterations be possible?}{section.4}% 17
\BOOKMARK [2][-]{subsection.4.3}{What are the usability requirements?}{section.4}% 18
\BOOKMARK [1][-]{section.5}{Functional requirements}{}% 19
\BOOKMARK [2][-]{subsection.5.1}{Which functions must exist?}{section.5}% 20
\BOOKMARK [1][-]{section.6}{Interfaces}{}% 21
\BOOKMARK [2][-]{subsection.6.1}{Explanations \(H-C, C-C...\)}{section.6}% 22
\BOOKMARK [1][-]{section.7}{Quality requirements}{}% 23
\BOOKMARK [2][-]{subsection.7.1}{Which quality characteristics should be fullfilled?}{section.7}% 24
